Determining if the pthread_create exist failed with the following output:
Change Dir: /home/jp/git/obs-websocket/build/CMakeFiles/CMakeTmp

Run Build Command:"/usr/bin/make" "cmTC_f574a/fast"
/usr/bin/make -f CMakeFiles/cmTC_f574a.dir/build.make CMakeFiles/cmTC_f574a.dir/build
make[1]: Entering directory '/home/jp/git/obs-websocket/build/CMakeFiles/CMakeTmp'
Building C object CMakeFiles/cmTC_f574a.dir/CheckSymbolExists.c.o
/usr/bin/cc    -Wall -Wextra -W -Wdeclaration-after-statement -Wwrite-strings -Wlogical-op -Wshadow    -o CMakeFiles/cmTC_f574a.dir/CheckSymbolExists.c.o   -c /home/jp/git/obs-websocket/build/CMakeFiles/CMakeTmp/CheckSymbolExists.c
Linking C executable cmTC_f574a
/usr/bin/cmake -E cmake_link_script CMakeFiles/cmTC_f574a.dir/link.txt --verbose=1
/usr/bin/cc   -Wall -Wextra -W -Wdeclaration-after-statement -Wwrite-strings -Wlogical-op -Wshadow     CMakeFiles/cmTC_f574a.dir/CheckSymbolExists.c.o  -o cmTC_f574a -rdynamic 
CMakeFiles/cmTC_f574a.dir/CheckSymbolExists.c.o: In function `main':
CheckSymbolExists.c:(.text+0x16): undefined reference to `pthread_create'
collect2: error: ld returned 1 exit status
CMakeFiles/cmTC_f574a.dir/build.make:97: recipe for target 'cmTC_f574a' failed
make[1]: *** [cmTC_f574a] Error 1
make[1]: Leaving directory '/home/jp/git/obs-websocket/build/CMakeFiles/CMakeTmp'
Makefile:126: recipe for target 'cmTC_f574a/fast' failed
make: *** [cmTC_f574a/fast] Error 2

File /home/jp/git/obs-websocket/build/CMakeFiles/CMakeTmp/CheckSymbolExists.c:
/* */
#include <pthread.h>

int main(int argc, char** argv)
{
  (void)argv;
#ifndef pthread_create
  return ((int*)(&pthread_create))[argc];
#else
  (void)argc;
  return 0;
#endif
}

Determining if the function pthread_create exists in the pthreads failed with the following output:
Change Dir: /home/jp/git/obs-websocket/build/CMakeFiles/CMakeTmp

Run Build Command:"/usr/bin/make" "cmTC_339e9/fast"
/usr/bin/make -f CMakeFiles/cmTC_339e9.dir/build.make CMakeFiles/cmTC_339e9.dir/build
make[1]: Entering directory '/home/jp/git/obs-websocket/build/CMakeFiles/CMakeTmp'
Building C object CMakeFiles/cmTC_339e9.dir/CheckFunctionExists.c.o
/usr/bin/cc    -Wall -Wextra -W -Wdeclaration-after-statement -Wwrite-strings -Wlogical-op -Wshadow -DCHECK_FUNCTION_EXISTS=pthread_create   -o CMakeFiles/cmTC_339e9.dir/CheckFunctionExists.c.o   -c /usr/share/cmake-3.5/Modules/CheckFunctionExists.c
Linking C executable cmTC_339e9
/usr/bin/cmake -E cmake_link_script CMakeFiles/cmTC_339e9.dir/link.txt --verbose=1
/usr/bin/cc   -Wall -Wextra -W -Wdeclaration-after-statement -Wwrite-strings -Wlogical-op -Wshadow -DCHECK_FUNCTION_EXISTS=pthread_create    CMakeFiles/cmTC_339e9.dir/CheckFunctionExists.c.o  -o cmTC_339e9 -rdynamic -lpthreads 
/usr/bin/ld: cannot find -lpthreads
collect2: error: ld returned 1 exit status
CMakeFiles/cmTC_339e9.dir/build.make:97: recipe for target 'cmTC_339e9' failed
make[1]: *** [cmTC_339e9] Error 1
make[1]: Leaving directory '/home/jp/git/obs-websocket/build/CMakeFiles/CMakeTmp'
Makefile:126: recipe for target 'cmTC_339e9/fast' failed
make: *** [cmTC_339e9/fast] Error 2


